\BOOKMARK [0][-]{chapter.1}{Introduction}{}% 1
\BOOKMARK [1][-]{section.1.1}{INTRODUCTION}{chapter.1}% 2
\BOOKMARK [1][-]{section.1.2}{Overview of the HOLO Algorithm}{chapter.1}% 3
\BOOKMARK [1][-]{section.1.3}{Overview}{chapter.1}% 4
\BOOKMARK [1][-]{section.1.4}{Introduction}{chapter.1}% 5
\BOOKMARK [2][-]{subsection.1.4.1}{Thermal radiative transfer background}{section.1.4}% 6
\BOOKMARK [2][-]{subsection.1.4.2}{The implicit Monte Carlo method}{section.1.4}% 7
\BOOKMARK [2][-]{subsection.1.4.3}{Previous work on moment-based acceleration methods}{section.1.4}% 8
\BOOKMARK [2][-]{subsection.1.4.4}{Proposed algorithm}{section.1.4}% 9
\BOOKMARK [1][-]{section.1.5}{Performed Research}{chapter.1}% 10
\BOOKMARK [2][-]{subsection.1.5.1}{Overview of the HOLO Algorithm}{section.1.5}% 11
\BOOKMARK [2][-]{subsection.1.5.2}{The Low-Order Equations}{section.1.5}% 12
\BOOKMARK [2][-]{subsection.1.5.3}{Closing the LO equations}{section.1.5}% 13
\BOOKMARK [2][-]{subsection.1.5.4}{Solution of the LO equations}{section.1.5}% 14
\BOOKMARK [2][-]{subsection.1.5.5}{The ECMC High Order Solver}{section.1.5}% 15
\BOOKMARK [2][-]{subsection.1.5.6}{Computational Results}{section.1.5}% 16
\BOOKMARK [1][-]{section.1.6}{Discussion of Remaining Research}{chapter.1}% 17
\BOOKMARK [2][-]{subsection.1.6.1}{Resolving Issues in Optically Thick Cells}{section.1.6}% 18
\BOOKMARK [2][-]{subsection.1.6.2}{Estimating the Spatial Closure from the HO Solution}{section.1.6}% 19
\BOOKMARK [2][-]{subsection.1.6.3}{Diffusion Synthetic Acceleration of the LO Equations}{section.1.6}% 20
\BOOKMARK [1][-]{section.1.7}{Summary and Outline of Remaining Research}{chapter.1}% 21
\BOOKMARK [1][-]{section.1.8}{Forming the Low-Order System}{chapter.1}% 22
\BOOKMARK [2][-]{subsection.1.8.1}{Radiation Energy Equations}{section.1.8}% 23
\BOOKMARK [2][-]{subsection.1.8.2}{Material Energy Equations}{section.1.8}% 24
\BOOKMARK [2][-]{subsection.1.8.3}{Closing the System with Information from the HO solution}{section.1.8}% 25
\BOOKMARK [2][-]{subsection.1.8.4}{Solving the Non-Linear LO System}{section.1.8}% 26
\BOOKMARK [1][-]{section.1.9}{The ECMC High Order Solver}{chapter.1}% 27
\BOOKMARK [2][-]{subsection.1.9.1}{Variance Reduction and Source Sampling}{section.1.9}% 28
\BOOKMARK [1][-]{section.1.10}{COMPUTATIONAL RESULTS}{chapter.1}% 29
\BOOKMARK [2][-]{subsection.1.10.1}{Marshak Wave}{section.1.10}% 30
\BOOKMARK [2][-]{subsection.1.10.2}{Two Material Problem}{section.1.10}% 31
\BOOKMARK [2][-]{subsection.1.10.3}{Performance comparison of IMC and HOLO-ECMC}{section.1.10}% 32
\BOOKMARK [2][-]{subsection.1.10.4}{Comparison of different HO Solvers}{section.1.10}% 33
\BOOKMARK [2][-]{subsection.1.10.5}{Pre-heated Marshak wave problem and adaptive mesh refinement}{section.1.10}% 34
\BOOKMARK [1][-]{section.1.11}{CONCLUSIONS}{chapter.1}% 35
\BOOKMARK [1][-]{section.1.12}{Diffusion Synthetic Acceleration}{chapter.1}% 36
\BOOKMARK [2][-]{subsection.1.12.1}{Forming a Continuous Diffusion Equation}{section.1.12}% 37
\BOOKMARK [2][-]{subsection.1.12.2}{Mapping Solution onto LD Unknowns}{section.1.12}% 38
\BOOKMARK [2][-]{subsection.1.12.3}{DSA Source Definition}{section.1.12}% 39
\BOOKMARK [2][-]{subsection.1.12.4}{Updating the LO Unkowns}{section.1.12}% 40
\BOOKMARK [1][-]{section.1.13}{Analytic Neutronics answer for Source fixup}{chapter.1}% 41
\BOOKMARK [1][-]{section.1.14}{Face Tallies and correction near =0}{chapter.1}% 42
\BOOKMARK [1][-]{section.1.15}{MC solution with LDD trial space}{chapter.1}% 43
\BOOKMARK [1][-]{section.1.16}{Implementation of ECMC finite-element space, tallies, and residual sampling}{chapter.1}% 44
\BOOKMARK [1][-]{section.1.17}{Adaptive Mesh Refinement}{chapter.1}% 45
\BOOKMARK [1][-]{section.1.18}{MC Estimation of the Spatial Closure}{chapter.1}% 46
\BOOKMARK [0][-]{chapter.2}{Results}{}% 47
\BOOKMARK [1][-]{section.2.1}{Preservation of the Discrete Maximum Principle}{chapter.2}% 48
