This is pdfTeX, Version 3.14159265-2.6-1.40.16 (TeX Live 2015) (preloaded format=pdflatex 2015.5.24)  10 AUG 2016 11:52
entering extended mode
 restricted \write18 enabled.
 %&-line parsing enabled.
**main.tex
(./main.tex
LaTeX2e <2015/01/01>
Babel <3.9l> and hyphenation patterns for 79 languages loaded.
(/usr/local/texlive/2015/texmf-dist/tex/latex/base/report.cls
Document Class: report 2014/09/29 v1.4h Standard LaTeX document class
(/usr/local/texlive/2015/texmf-dist/tex/latex/base/size12.clo
File: size12.clo 2014/09/29 v1.4h Standard LaTeX file (size option)
)
\c@part=\count79
\c@chapter=\count80
\c@section=\count81
\c@subsection=\count82
\c@subsubsection=\count83
\c@paragraph=\count84
\c@subparagraph=\count85
\c@figure=\count86
\c@table=\count87
\abovecaptionskip=\skip41
\belowcaptionskip=\skip42
\bibindent=\dimen102
)
(/usr/local/texlive/2015/texmf-dist/tex/latex/amsfonts/amssymb.sty
Package: amssymb 2013/01/14 v3.01 AMS font symbols

(/usr/local/texlive/2015/texmf-dist/tex/latex/amsfonts/amsfonts.sty
Package: amsfonts 2013/01/14 v3.01 Basic AMSFonts support
\@emptytoks=\toks14
\symAMSa=\mathgroup4
\symAMSb=\mathgroup5
LaTeX Font Info:    Overwriting math alphabet `\mathfrak' in version `bold'
(Font)                  U/euf/m/n --> U/euf/b/n on input line 106.
))
(/usr/local/texlive/2015/texmf-dist/tex/latex/amsmath/amsmath.sty
Package: amsmath 2013/01/14 v2.14 AMS math features
\@mathmargin=\skip43

For additional information on amsmath, use the `?' option.
(/usr/local/texlive/2015/texmf-dist/tex/latex/amsmath/amstext.sty
Package: amstext 2000/06/29 v2.01

(/usr/local/texlive/2015/texmf-dist/tex/latex/amsmath/amsgen.sty
File: amsgen.sty 1999/11/30 v2.0
\@emptytoks=\toks15
\ex@=\dimen103
))
(/usr/local/texlive/2015/texmf-dist/tex/latex/amsmath/amsbsy.sty
Package: amsbsy 1999/11/29 v1.2d
\pmbraise@=\dimen104
)
(/usr/local/texlive/2015/texmf-dist/tex/latex/amsmath/amsopn.sty
Package: amsopn 1999/12/14 v2.01 operator names
)
\inf@bad=\count88
LaTeX Info: Redefining \frac on input line 210.
\uproot@=\count89
\leftroot@=\count90
LaTeX Info: Redefining \overline on input line 306.
\classnum@=\count91
\DOTSCASE@=\count92
LaTeX Info: Redefining \ldots on input line 378.
LaTeX Info: Redefining \dots on input line 381.
LaTeX Info: Redefining \cdots on input line 466.
\Mathstrutbox@=\box26
\strutbox@=\box27
\big@size=\dimen105
LaTeX Font Info:    Redeclaring font encoding OML on input line 566.
LaTeX Font Info:    Redeclaring font encoding OMS on input line 567.
\macc@depth=\count93
\c@MaxMatrixCols=\count94
\dotsspace@=\muskip10
\c@parentequation=\count95
\dspbrk@lvl=\count96
\tag@help=\toks16
\row@=\count97
\column@=\count98
\maxfields@=\count99
\andhelp@=\toks17
\eqnshift@=\dimen106
\alignsep@=\dimen107
\tagshift@=\dimen108
\tagwidth@=\dimen109
\totwidth@=\dimen110
\lineht@=\dimen111
\@envbody=\toks18
\multlinegap=\skip44
\multlinetaggap=\skip45
\mathdisplay@stack=\toks19
LaTeX Info: Redefining \[ on input line 2665.
LaTeX Info: Redefining \] on input line 2666.
)
(/usr/local/texlive/2015/texmf-dist/tex/latex/caption/subcaption.sty
Package: subcaption 2013/02/03 v1.1-62 Sub-captions (AR)

(/usr/local/texlive/2015/texmf-dist/tex/latex/caption/caption.sty
Package: caption 2013/05/02 v3.3-89 Customizing captions (AR)

(/usr/local/texlive/2015/texmf-dist/tex/latex/caption/caption3.sty
Package: caption3 2013/05/02 v1.6-88 caption3 kernel (AR)
Package caption3 Info: TeX engine: e-TeX on input line 57.

(/usr/local/texlive/2015/texmf-dist/tex/latex/graphics/keyval.sty
Package: keyval 2014/10/28 v1.15 key=value parser (DPC)
\KV@toks@=\toks20
)
\captionmargin=\dimen112
\captionmargin@=\dimen113
\captionwidth=\dimen114
\caption@tempdima=\dimen115
\caption@indent=\dimen116
\caption@parindent=\dimen117
\caption@hangindent=\dimen118
)
\c@ContinuedFloat=\count100
)
\c@subfigure=\count101
\c@subtable=\count102
)
(/usr/local/texlive/2015/texmf-dist/tex/latex/graphics/color.sty
Package: color 2014/10/28 v1.1a Standard LaTeX Color (DPC)

(/usr/local/texlive/2015/texmf-dist/tex/latex/latexconfig/color.cfg
File: color.cfg 2007/01/18 v1.5 color configuration of teTeX/TeXLive
)
Package color Info: Driver file: pdftex.def on input line 142.

(/usr/local/texlive/2015/texmf-dist/tex/latex/pdftex-def/pdftex.def
File: pdftex.def 2011/05/27 v0.06d Graphics/color for pdfTeX

(/usr/local/texlive/2015/texmf-dist/tex/generic/oberdiek/infwarerr.sty
Package: infwarerr 2010/04/08 v1.3 Providing info/warning/error messages (HO)
)
(/usr/local/texlive/2015/texmf-dist/tex/generic/oberdiek/ltxcmds.sty
Package: ltxcmds 2011/11/09 v1.22 LaTeX kernel commands for general use (HO)
)
\Gread@gobject=\count103
))
(/usr/local/texlive/2015/texmf-dist/tex/latex/listings/listings.sty
\lst@mode=\count104
\lst@gtempboxa=\box28
\lst@token=\toks21
\lst@length=\count105
\lst@currlwidth=\dimen119
\lst@column=\count106
\lst@pos=\count107
\lst@lostspace=\dimen120
\lst@width=\dimen121
\lst@newlines=\count108
\lst@lineno=\count109
\lst@maxwidth=\dimen122

(/usr/local/texlive/2015/texmf-dist/tex/latex/listings/lstmisc.sty
File: lstmisc.sty 2014/09/06 1.5e (Carsten Heinz)
\c@lstnumber=\count110
\lst@skipnumbers=\count111
\lst@framebox=\box29
)
(/usr/local/texlive/2015/texmf-dist/tex/latex/listings/listings.cfg
File: listings.cfg 2014/09/06 1.5e listings configuration
))
Package: listings 2014/09/06 1.5e (Carsten Heinz)

(/usr/local/texlive/2015/texmf-dist/tex/latex/etoolbox/etoolbox.sty
Package: etoolbox 2015/05/04 v2.2 e-TeX tools for LaTeX (JAW)
\etb@tempcnta=\count112
)
(/usr/local/texlive/2015/texmf-dist/tex/latex/graphics/graphicx.sty
Package: graphicx 2014/10/28 v1.0g Enhanced LaTeX Graphics (DPC,SPQR)

(/usr/local/texlive/2015/texmf-dist/tex/latex/graphics/graphics.sty
Package: graphics 2014/10/28 v1.0p Standard LaTeX Graphics (DPC,SPQR)

(/usr/local/texlive/2015/texmf-dist/tex/latex/graphics/trig.sty
Package: trig 1999/03/16 v1.09 sin cos tan (DPC)
)
(/usr/local/texlive/2015/texmf-dist/tex/latex/latexconfig/graphics.cfg
File: graphics.cfg 2010/04/23 v1.9 graphics configuration of TeX Live
)
Package graphics Info: Driver file: pdftex.def on input line 94.
)
\Gin@req@height=\dimen123
\Gin@req@width=\dimen124
)
(/usr/local/texlive/2015/texmf-dist/tex/latex/float/float.sty
Package: float 2001/11/08 v1.3d Float enhancements (AL)
\c@float@type=\count113
\float@exts=\toks22
\float@box=\box30
\@float@everytoks=\toks23
\@floatcapt=\box31
)
(/usr/local/texlive/2015/texmf-dist/tex/latex/cancel/cancel.sty
Package: cancel 2013/04/12 v2.2 Cancel math terms
)
(/usr/local/texlive/2015/texmf-dist/tex/latex/listings/lstlang1.sty
File: lstlang1.sty 2014/09/06 1.5e listings language file
)
(./main.aux

LaTeX Warning: Label `ho_cont' multiply defined.


LaTeX Warning: Label `t_cont' multiply defined.


LaTeX Warning: Label `ho_trans' multiply defined.


LaTeX Warning: Label `lo_mat' multiply defined.


LaTeX Warning: Label `x_mom' multiply defined.


LaTeX Warning: Label `lo_tran' multiply defined.


LaTeX Warning: Label `const' multiply defined.


LaTeX Warning: Label `lo_mat_dis' multiply defined.


LaTeX Warning: Label `eq:ho_base' multiply defined.


LaTeX Warning: Label `te_oper' multiply defined.


LaTeX Warning: Label `marshak_mesh_conv' multiply defined.


LaTeX Warning: Label `sub@marshak_mesh_conv' multiply defined.


LaTeX Warning: Label `marshak_200_compare' multiply defined.


LaTeX Warning: Label `sub@marshak_200_compare' multiply defined.


LaTeX Warning: Label `twomat_full' multiply defined.


LaTeX Warning: Label `sub@twomat_full' multiply defined.


LaTeX Warning: Label `compare_ho' multiply defined.


LaTeX Warning: Label `sub@compare_ho' multiply defined.


LaTeX Warning: Label `twomat' multiply defined.

)
\openout1 = `main.aux'.

LaTeX Font Info:    Checking defaults for OML/cmm/m/it on input line 61.
LaTeX Font Info:    ... okay on input line 61.
LaTeX Font Info:    Checking defaults for T1/cmr/m/n on input line 61.
LaTeX Font Info:    ... okay on input line 61.
LaTeX Font Info:    Checking defaults for OT1/cmr/m/n on input line 61.
LaTeX Font Info:    ... okay on input line 61.
LaTeX Font Info:    Checking defaults for OMS/cmsy/m/n on input line 61.
LaTeX Font Info:    ... okay on input line 61.
LaTeX Font Info:    Checking defaults for OMX/cmex/m/n on input line 61.
LaTeX Font Info:    ... okay on input line 61.
LaTeX Font Info:    Checking defaults for U/cmr/m/n on input line 61.
LaTeX Font Info:    ... okay on input line 61.
Package caption Info: Begin \AtBeginDocument code.
Package caption Info: float package is loaded.
Package caption Info: listings package is loaded.
Package caption Info: End \AtBeginDocument code.
 (/usr/local/texlive/2015/texmf-dist/tex/context/base/supp-pdf.mkii
[Loading MPS to PDF converter (version 2006.09.02).]
\scratchcounter=\count114
\scratchdimen=\dimen125
\scratchbox=\box32
\nofMPsegments=\count115
\nofMParguments=\count116
\everyMPshowfont=\toks24
\MPscratchCnt=\count117
\MPscratchDim=\dimen126
\MPnumerator=\count118
\makeMPintoPDFobject=\count119
\everyMPtoPDFconversion=\toks25
)
\c@lstlisting=\count120
 (/usr/local/texlive/2015/texmf-dist/tex/generic/oberdiek/pdftexcmds.sty
Package: pdftexcmds 2011/11/29 v0.20 Utility functions of pdfTeX for LuaTeX (HO
)

(./ifluatex.sty
Package: ifluatex 2010/03/01 v1.3 Provides the ifluatex switch (HO)
Package ifluatex Info: LuaTeX not detected.
)
(/usr/local/texlive/2015/texmf-dist/tex/generic/oberdiek/ifpdf.sty
Package: ifpdf 2011/01/30 v2.3 Provides the ifpdf switch (HO)
Package ifpdf Info: pdfTeX in PDF mode is detected.
)
Package pdftexcmds Info: LuaTeX not detected.
Package pdftexcmds Info: \pdf@primitive is available.
Package pdftexcmds Info: \pdf@ifprimitive is available.
Package pdftexcmds Info: \pdfdraftmode found.
)
(/usr/local/texlive/2015/texmf-dist/tex/latex/oberdiek/epstopdf-base.sty
Package: epstopdf-base 2010/02/09 v2.5 Base part for package epstopdf

(/usr/local/texlive/2015/texmf-dist/tex/latex/oberdiek/grfext.sty
Package: grfext 2010/08/19 v1.1 Manage graphics extensions (HO)

(/usr/local/texlive/2015/texmf-dist/tex/generic/oberdiek/kvdefinekeys.sty
Package: kvdefinekeys 2011/04/07 v1.3 Define keys (HO)
))
(/usr/local/texlive/2015/texmf-dist/tex/latex/oberdiek/kvoptions.sty
Package: kvoptions 2011/06/30 v3.11 Key value format for package options (HO)

(/usr/local/texlive/2015/texmf-dist/tex/generic/oberdiek/kvsetkeys.sty
Package: kvsetkeys 2012/04/25 v1.16 Key value parser (HO)

(/usr/local/texlive/2015/texmf-dist/tex/generic/oberdiek/etexcmds.sty
Package: etexcmds 2011/02/16 v1.5 Avoid name clashes with e-TeX commands (HO)
Package etexcmds Info: Could not find \expanded.
(etexcmds)             That can mean that you are not using pdfTeX 1.50 or
(etexcmds)             that some package has redefined \expanded.
(etexcmds)             In the latter case, load this package earlier.
)))
Package grfext Info: Graphics extension search list:
(grfext)             [.png,.pdf,.jpg,.mps,.jpeg,.jbig2,.jb2,.PNG,.PDF,.JPG,.JPE
G,.JBIG2,.JB2,.eps]
(grfext)             \AppendGraphicsExtensions on input line 452.

(/usr/local/texlive/2015/texmf-dist/tex/latex/latexconfig/epstopdf-sys.cfg
File: epstopdf-sys.cfg 2010/07/13 v1.3 Configuration of (r)epstopdf for TeX Liv
e
))
Chapter 1.
(./sections/introduction.tex [1



{/usr/local/texlive/2015/texmf-var/fonts/map/pdftex/updmap/pdftex.map}]
LaTeX Font Info:    Try loading font information for U+msa on input line 8.

(/usr/local/texlive/2015/texmf-dist/tex/latex/amsfonts/umsa.fd
File: umsa.fd 2013/01/14 v3.01 AMS symbols A
)
LaTeX Font Info:    Try loading font information for U+msb on input line 8.

(/usr/local/texlive/2015/texmf-dist/tex/latex/amsfonts/umsb.fd
File: umsb.fd 2013/01/14 v3.01 AMS symbols B
) [1]

LaTeX Warning: Citation `fnc' on page 1 undefined on input line 53.


LaTeX Warning: Citation `imd' on page 1 undefined on input line 64.


LaTeX Warning: Citation `ddmc' on page 1 undefined on input line 64.


LaTeX Warning: Citation `wollaber2013discrete' on page 1 undefined on input lin
e 69.

[1]

LaTeX Warning: Citation `teleportation' on page 2 undefined on input line 74.


LaTeX Warning: Citation `willert' on page 2 undefined on input line 82.


LaTeX Warning: Citation `park' on page 2 undefined on input line 82.


LaTeX Warning: Citation `rmc' on page 2 undefined on input line 82.


LaTeX Warning: Citation `ans_2014' on page 2 undefined on input line 82.


LaTeX Warning: Citation `willert' on page 2 undefined on input line 87.


LaTeX Warning: Citation `jake' on page 2 undefined on input line 96.


LaTeX Warning: Citation `ans_2014' on page 2 undefined on input line 96.


LaTeX Warning: Citation `rmc' on page 2 undefined on input line 102.

[2]

LaTeX Warning: Citation `rmc' on page 3 undefined on input line 109.


LaTeX Warning: Citation `rmc' on page 3 undefined on input line 112.


LaTeX Warning: Citation `rmc' on page 3 undefined on input line 122.


LaTeX Warning: Citation `rmc' on page 3 undefined on input line 135.


LaTeX Warning: Citation `willert' on page 3 undefined on input line 135.


LaTeX Warning: Citation `park' on page 3 undefined on input line 135.


Overfull \hbox (1.31827pt too wide) in paragraph at lines 108--136
[]\OT1/cmr/m/n/12 Our ECMC solver con-tains sim-i-lar-i-ties to the resid-ual M
onte Carlo (RMC)
 []


LaTeX Warning: Citation `wolters' on page 3 undefined on input line 137.


LaTeX Warning: Citation `jake' on page 3 undefined on input line 138.

[3]

LaTeX Warning: Citation `wolters' on page 4 undefined on input line 171.


LaTeX Warning: Citation `larsen_edl' on page 4 undefined on input line 179.


LaTeX Warning: Citation `morel_newton' on page 4 undefined on input line 179.


LaTeX Warning: Citation `larsen_mpv' on page 4 undefined on input line 180.

[4]

LaTeX Warning: Citation `larsen_error' on page 5 undefined on input line 189.


Overfull \hbox (9.37787pt too wide) in paragraph at lines 201--203
[]\OT1/cmr/m/n/12 Perform a LO solve to pro-duce an ini-tial guess for $\OML/cm
m/m/it/12 T[]\OT1/cmr/m/n/12 (\OML/cmm/m/it/12 x\OT1/cmr/m/n/12 )$ and $\OML/cm
m/m/it/12 ^^^[]\OT1/cmr/m/n/12 (\OML/cmm/m/it/12 x\OT1/cmr/m/n/12 )$,
 []

[5] [6]

LaTeX Warning: Citation `shultis_mc' on page 7 undefined on input line 279.


LaTeX Warning: Citation `fnc' on page 7 undefined on input line 281.

[7]

LaTeX Warning: Citation `imd' on page 8 undefined on input line 306.


LaTeX Warning: Citation `ddmc' on page 8 undefined on input line 306.


LaTeX Warning: Citation `wollaber2013discrete' on page 8 undefined on input lin
e 312.


LaTeX Warning: Citation `iimc_gentile' on page 8 undefined on input line 316.


LaTeX Warning: Citation `teleportation' on page 8 undefined on input line 330.


LaTeX Warning: Citation `diff_limit_imc' on page 8 undefined on input line 335.



LaTeX Warning: Citation `morel_newton' on page 8 undefined on input line 340.


Overfull \hbox (0.90103pt too wide) in paragraph at lines 328--341
\OT1/cmr/m/n/12 this prob-lem. Source tilt-ing re-con-structs a more ac-cu-rate
 linear-discontinuous
 []

[8]
Overfull \hbox (18.67122pt too wide) in paragraph at lines 342--342
[]\OT1/cmr/bx/n/14.4 Previous work on moment-based ac-cel-er-a-tion meth-
 []


LaTeX Warning: Citation `willert' on page 9 undefined on input line 346.


LaTeX Warning: Citation `park' on page 9 undefined on input line 346.


LaTeX Warning: Citation `rmc' on page 9 undefined on input line 346.


LaTeX Warning: Citation `ans_2014' on page 9 undefined on input line 346.


LaTeX Warning: Citation `willert' on page 9 undefined on input line 353.


LaTeX Warning: Citation `park' on page 9 undefined on input line 353.


LaTeX Warning: Citation `rmc' on page 9 undefined on input line 368.


LaTeX Warning: Citation `rmc' on page 9 undefined on input line 371.


LaTeX Warning: Citation `simc_const' on page 9 undefined on input line 377.


LaTeX Warning: Citation `simc' on page 9 undefined on input line 384.


LaTeX Warning: Citation `simc_const' on page 9 undefined on input line 385.


LaTeX Warning: Citation `rmc' on page 9 undefined on input line 385.

[9]

LaTeX Warning: Citation `wolters' on page 10 undefined on input line 392.


LaTeX Warning: Citation `jake' on page 10 undefined on input line 393.


LaTeX Warning: Citation `rmc' on page 10 undefined on input line 395.


LaTeX Warning: Citation `willert' on page 10 undefined on input line 395.


LaTeX Warning: Citation `park' on page 10 undefined on input line 395.


LaTeX Warning: Citation `jake' on page 10 undefined on input line 398.


LaTeX Warning: Citation `ans_2014' on page 10 undefined on input line 398.


Overfull \hbox (23.3774pt too wide) in paragraph at lines 391--413
\OT1/cmr/m/n/12 (LDFE) spa-tial dis-cretiza-tion. Exponentially-convergent Mont
e Carlo (ECMC)[[],
 []

[10]

LaTeX Warning: Citation `wolters' on page 11 undefined on input line 440.


LaTeX Warning: Citation `rmc' on page 11 undefined on input line 448.


LaTeX Warning: Citation `park' on page 11 undefined on input line 448.


LaTeX Warning: Citation `willert' on page 11 undefined on input line 448.


LaTeX Warning: Citation `jake' on page 11 undefined on input line 459.

[11] [12]

LaTeX Warning: Citation `wolters' on page 13 undefined on input line 514.


Overfull \hbox (35.50244pt too wide) detected at line 527
 []$[]   \OMS/cmsy/m/n/12 ^^@ \OT1/cmr/m/n/12 2\OML/cmm/m/it/12 ^^V[]^^^[] \OT1
/cmr/m/n/12 + [][] \OMS/cmsy/m/n/12 h\OML/cmm/m/it/12 ^^^\OMS/cmsy/m/n/12 i[] \
OT1/cmr/m/n/12 + [][] \OMS/cmsy/m/n/12 h\OML/cmm/m/it/12 ^^^\OMS/cmsy/m/n/12 i[
] \OT1/cmr/m/n/12 + [] \OML/cmm/m/it/12 h[]\OMS/cmsy/m/n/12 h\OML/cmm/m/it/12 ^
^^\OMS/cmsy/m/n/12 i[]$ 
 []

[13]
Overfull \hbox (4.74756pt too wide) detected at line 553
 []$[]  [] [] \OT1/cmr/m/n/12 + \OML/cmm/m/it/12 ^^[[] [][]$ 
 []


LaTeX Warning: Citation `morel_newton' on page 14 undefined on input line 578.

[14] [15]

LaTeX Warning: Citation `shultis_mc' on page 16 undefined on input line 678.


LaTeX Warning: Citation `jake' on page 16 undefined on input line 686.


LaTeX Warning: Citation `ans_2014' on page 16 undefined on input line 686.

[16]

LaTeX Warning: Citation `shultis_mc' on page 17 undefined on input line 706.

<figures/marshak_mesh_conv.pdf, id=71, 517.71071pt x 409.79662pt>
File: figures/marshak_mesh_conv.pdf Graphic file (type pdf)

<use figures/marshak_mesh_conv.pdf>
Package pdftex.def Info: figures/marshak_mesh_conv.pdf used on input line 739.
(pdftex.def)             Requested size: 189.19217pt x 149.75273pt.

<figures/marshak_200_compare.pdf, id=72, 508.9671pt x 409.79662pt>
File: figures/marshak_200_compare.pdf Graphic file (type pdf)

<use figures/marshak_200_compare.pdf>
Package pdftex.def Info: figures/marshak_200_compare.pdf used on input line 745
.
(pdftex.def)             Requested size: 189.19217pt x 152.32895pt.
 [17]
<figures/two_mat_conv.pdf, id=77, 501.29784pt x 409.79662pt>
File: figures/two_mat_conv.pdf Graphic file (type pdf)

<use figures/two_mat_conv.pdf>
Package pdftex.def Info: figures/two_mat_conv.pdf used on input line 772.
(pdftex.def)             Requested size: 189.19217pt x 154.66132pt.

<figures/two_mat_ho_compare.pdf, id=78, 501.29784pt x 409.79662pt>
File: figures/two_mat_ho_compare.pdf Graphic file (type pdf)

<use figures/two_mat_ho_compare.pdf>
Package pdftex.def Info: figures/two_mat_ho_compare.pdf used on input line 778.

(pdftex.def)             Requested size: 189.19217pt x 154.66132pt.
 [18 <./figures/marshak_mesh_conv.pdf> <./figures/marshak_200_compare.pdf

pdfTeX warning: pdflatex (file ./figures/marshak_200_compare.pdf): PDF inclusio
n: multiple pdfs with page group included in a single page
>] [19 <./figures/two_mat_conv.pdf> <./figures/two_mat_ho_compare.pdf

pdfTeX warning: pdflatex (file ./figures/two_mat_ho_compare.pdf): PDF inclusion
: multiple pdfs with page group included in a single page
>]

LaTeX Warning: Citation `morel_newton' on page 20 undefined on input line 807.

[20] [21]

LaTeX Warning: Citation `morel_newton' on page 22 undefined on input line 890.


LaTeX Warning: Citation `wla' on page 22 undefined on input line 892.


LaTeX Warning: Citation `wla_thesis' on page 22 undefined on input line 892.


LaTeX Warning: Citation `lewis' on page 22 undefined on input line 898.


LaTeX Warning: Citation `morel_newton' on page 22 undefined on input line 898.


LaTeX Warning: Citation `wla' on page 22 undefined on input line 901.


LaTeX Warning: Citation `wla' on page 22 undefined on input line 912.

[22]

LaTeX Warning: Citation `larson_morel_sn' on page 23 undefined on input line 92
1.


LaTeX Warning: Citation `larson_morel_sn' on page 23 undefined on input line 92
5.

[23] [24]) [25] (./sections/lo_solver.tex

LaTeX Warning: Citation `wolters' on page 26 undefined on input line 27.


Overfull \hbox (35.50244pt too wide) detected at line 39
 []$[]   \OMS/cmsy/m/n/12 ^^@ \OT1/cmr/m/n/12 2\OML/cmm/m/it/12 ^^V[]^^^[] \OT1
/cmr/m/n/12 + [][] \OMS/cmsy/m/n/12 h\OML/cmm/m/it/12 ^^^\OMS/cmsy/m/n/12 i[] \
OT1/cmr/m/n/12 + [][] \OMS/cmsy/m/n/12 h\OML/cmm/m/it/12 ^^^\OMS/cmsy/m/n/12 i[
] \OT1/cmr/m/n/12 + [] \OML/cmm/m/it/12 h[]\OMS/cmsy/m/n/12 h\OML/cmm/m/it/12 ^
^^\OMS/cmsy/m/n/12 i[]$ 
 []

[26]
Overfull \hbox (9.6806pt too wide) in paragraph at lines 53--61
\OT1/cmr/m/n/12 the LDFE trial space, i.e., $\OML/cmm/m/it/12 T\OT1/cmr/m/n/12 
(\OML/cmm/m/it/12 x\OT1/cmr/m/n/12 ) \OMS/cmsy/m/n/12 ' \OML/cmm/m/it/12 T[]b[]
\OT1/cmr/m/n/12 (\OML/cmm/m/it/12 x\OT1/cmr/m/n/12 ) + \OML/cmm/m/it/12 T[]b[]\
OT1/cmr/m/n/12 (\OML/cmm/m/it/12 x\OT1/cmr/m/n/12 )\OML/cmm/m/it/12 ;  x \OMS/c
msy/m/n/12 2 \OT1/cmr/m/n/12 (\OML/cmm/m/it/12 x[]; x[]\OT1/cmr/m/n/12 )$.
 []


Overfull \hbox (4.74756pt too wide) detected at line 68
 []$[]  [] [] \OT1/cmr/m/n/12 + \OML/cmm/m/it/12 ^^[[] [][]$ 
 []

[27]

LaTeX Warning: Citation `morel_newton' on page 28 undefined on input line 101.


LaTeX Warning: Citation `densmore_edl' on page 28 undefined on input line 101.


LaTeX Warning: Citation `morel_newton' on page 28 undefined on input line 109.

[28]

LaTeX Warning: Citation `morel_newton' on page 29 undefined on input line 123.

) (./sections/ho_solver.tex

LaTeX Warning: Citation `jake' on page 29 undefined on input line 19.


LaTeX Warning: Citation `spanier_mc' on page 29 undefined on input line 19.

[29]
Overfull \hbox (74.7997pt too wide) detected at line 41
\OML/cmm/m/it/12 r[] \OT1/cmr/m/n/12 = []\OML/cmm/m/it/12 ^^^[] \OT1/cmr/m/n/12
 + [] [][] + [] \OMS/cmsy/m/n/12 ^^@ [][]
 []

[30]

LaTeX Warning: Citation `rmc' on page 31 undefined on input line 100.


LaTeX Warning: Citation `shultis_mc' on page 31 undefined on input line 108.

[31]

LaTeX Warning: Citation `jake' on page 32 undefined on input line 122.


LaTeX Warning: Citation `ans_2014' on page 32 undefined on input line 122.


LaTeX Warning: Citation `park' on page 32 undefined on input line 145.

[32]

LaTeX Warning: Citation `shultis_mc' on page 33 undefined on input line 156.

) (./sections/results.tex

LaTeX Warning: Citation `jayenne' on page 33 undefined on input line 5.


LaTeX Warning: Citation `imd' on page 33 undefined on input line 8.


LaTeX Warning: Citation `ddmc' on page 33 undefined on input line 8.

[33]

LaTeX Warning: Command \ss invalid in math mode on input line 27.


LaTeX Warning: Command \ss invalid in math mode on input line 35.


LaTeX Warning: Citation `shultis_mc' on page 34 undefined on input line 42.


LaTeX Warning: Citation `ans_2014' on page 34 undefined on input line 65.

[34]
File: figures/marshak_mesh_conv.pdf Graphic file (type pdf)
 <use figures/marshak_mesh_conv.pdf>
Package pdftex.def Info: figures/marshak_mesh_conv.pdf used on input line 71.
(pdftex.def)             Requested size: 270.27031pt x 213.9396pt.
File: figures/marshak_200_compare.pdf Graphic file (type pdf)
 <use figures/marshak_200_compare.pdf>
Package pdftex.def Info: figures/marshak_200_compare.pdf used on input line 76.

(pdftex.def)             Requested size: 270.27031pt x 217.61636pt.

[35]

LaTeX Warning: Command \ss invalid in math mode on input line 107.

[36]

LaTeX Warning: Command \ss invalid in math mode on input line 168.

File: figures/two_mat_conv.pdf Graphic file (type pdf)
<use figures/two_mat_conv.pdf>
Package pdftex.def Info: figures/two_mat_conv.pdf used on input line 184.
(pdftex.def)             Requested size: 250.96404pt x 205.16042pt.
File: figures/two_mat_ho_compare.pdf Graphic file (type pdf)
 <use figures/two_mat_ho_compare.pdf>
Package pdftex.def Info: figures/two_mat_ho_compare.pdf used on input line 188.

(pdftex.def)             Requested size: 250.96404pt x 205.16042pt.
 [37]

LaTeX Warning: Citation `park' on page 38 undefined on input line 237.


Overfull \hbox (79.35832pt too wide) in paragraph at lines 247--254
 [][] 
 []

[38]
Overfull \hbox (81.25136pt too wide) in paragraph at lines 260--267
 [][] 
 []


LaTeX Warning: Citation `rmc' on page 39 undefined on input line 275.

[39]
Overfull \hbox (22.8369pt too wide) in paragraph at lines 296--302
 [][] 
 []


Overfull \hbox (22.8369pt too wide) in paragraph at lines 310--318
 [][] 
 []

[40] <figures/heated_marshak.pdf, id=365, 526.7194pt x 417.02364pt>
File: figures/heated_marshak.pdf Graphic file (type pdf)

<use figures/heated_marshak.pdf>
Package pdftex.def Info: figures/heated_marshak.pdf used on input line 361.
(pdftex.def)             Requested size: 253.49762pt x 200.70358pt.

Overfull \hbox (98.25418pt too wide) in paragraph at lines 373--382
 [][] 
 []

[41]

LaTeX Warning: Citation `rmc' on page 42 undefined on input line 432.

[42]) (./sections/dsa.tex [43] [44]
Overfull \hbox (86.67368pt too wide) detected at line 71
 []$[]   [] \OML/cmm/m/it/12 ^^^[] \OT1/cmr/m/n/12 + [] \OML/cmm/m/it/12 ^^^[]$
 
 []


Overfull \hbox (2.9861pt too wide) in paragraph at lines 86--89
\OT1/cmr/m/n/12 which can be solved for $\OML/cmm/m/it/12 J[]$\OT1/cmr/m/n/12 .
 Sub-sti-tu-tion of the above equa-tion and Eq. []
 []

[45]

LaTeX Warning: Citation `stacy' on page 46 undefined on input line 144.

[46]
Overfull \hbox (50.00774pt too wide) in paragraph at lines 176--176
[] 
 []

[47]) (./sections/analytic_neutronics.tex [48]) (./sections/tallies.tex

LaTeX Warning: Citation `shultis_mc' on page 49 undefined on input line 11.


LaTeX Warning: Citation `favorite_faces' on page 49 undefined on input line 11.


[49]

LaTeX Warning: Citation `favorite_faces' on page 50 undefined on input line 31.



LaTeX Warning: Citation `mcnp' on page 50 undefined on input line 31.


LaTeX Warning: Citation `favorite_faces' on page 50 undefined on input line 31.


[50]

LaTeX Warning: Reference `fig:ldd' on page 51 undefined on input line 59.

[51]
Overfull \hbox (72.6403pt too wide) detected at line 110
 []$[]   [] [] \OT1/cmr/m/n/12 = [] \OML/cmm/m/it/12 r[]\OT1/cmr/m/n/12 (\OML/c
mm/m/it/12 x[]\OT1/cmr/m/n/12 )$ []  
 []


Overfull \hbox (2.1676pt too wide) in paragraph at lines 132--132
[]\OT1/cmr/bx/n/17.28 Implementation of ECMC finite-element
 []

[52]
Overfull \hbox (87.30841pt too wide) detected at line 142
[]\OT1/cmr/m/n/12 (\OML/cmm/m/it/12 x; ^^V\OT1/cmr/m/n/12 ) = \OML/cmm/m/it/12 
I[] \OT1/cmr/m/n/12 + []\OML/cmm/m/it/12 I[] [] \OT1/cmr/m/n/12 + []\OML/cmm/m/
it/12 I[] [] ;  x[] < x < x[];  ^^V[] \OMS/cmsy/m/n/12 ^^T \OML/cmm/m/it/12 ^^V
 \OMS/cmsy/m/n/12 ^^T \OML/cmm/m/it/12 ^^V[]
 []


LaTeX Warning: Citation `jake' on page 53 undefined on input line 164.


LaTeX Warning: Citation `shultis_mc' on page 53 undefined on input line 165.

[53]

LaTeX Warning: Citation `jake' on page 54 undefined on input line 206.

) (./sections/spatial_closure.tex [54]

LaTeX Warning: Reference `??????' on page 55 undefined on input line 6.


LaTeX Warning: Reference `??' on page 55 undefined on input line 6.

[55]

LaTeX Warning: Citation `shultis_mc' on page 56 undefined on input line 75.


LaTeX Warning: Reference `???' on page 56 undefined on input line 81.

) [56] [57] [58] [59] [60 <./figures/heated_marshak.pdf>]
Chapter 2.
(./sections/mpv.tex

LaTeX Warning: Citation `wollaber2013discrete' on page 61 undefined on input li
ne 7.


LaTeX Warning: Citation `larsen_mpv' on page 61 undefined on input line 7.


LaTeX Warning: Citation `larsen_mpv' on page 61 undefined on input line 8.


LaTeX Warning: Reference `sec:intro' on page 61 undefined on input line 14.


LaTeX Warning: Citation `larsen_mpv' on page 61 undefined on input line 18.


LaTeX Warning: Citation `wollaber2013discrete' on page 61 undefined on input li
ne 21.


LaTeX Warning: Reference `sec:marshak???' on page 61 undefined on input line 22
.


LaTeX Warning: Citation `wollaber2013discrete' on page 61 undefined on input li
ne 26.

[61

]

LaTeX Warning: Citation `wollaber2013discrete' on page 62 undefined on input li
ne 42.


LaTeX Warning: Reference `tab:blah' on page 62 undefined on input line 54.

<figures/mpv_rad_imc.pdf, id=488, 507.24976pt x 411.71002pt>
File: figures/mpv_rad_imc.pdf Graphic file (type pdf)

<use figures/mpv_rad_imc.pdf>
Package pdftex.def Info: figures/mpv_rad_imc.pdf used on input line 65.
(pdftex.def)             Requested size: 234.00238pt x 189.92917pt.
 [62]
<figures/mpv_mats_imc.pdf, id=492, 507.56343pt x 411.71002pt>
File: figures/mpv_mats_imc.pdf Graphic file (type pdf)

<use figures/mpv_mats_imc.pdf>
Package pdftex.def Info: figures/mpv_mats_imc.pdf used on input line 71.
(pdftex.def)             Requested size: 234.00238pt x 189.81609pt.

<figures/mpv_mats_holo.pdf, id=493, 511.59412pt x 411.71002pt>
File: figures/mpv_mats_holo.pdf Graphic file (type pdf)

<use figures/mpv_mats_holo.pdf>
Package pdftex.def Info: figures/mpv_mats_holo.pdf used on input line 78.
(pdftex.def)             Requested size: 234.00238pt x 188.32094pt.
 [63 <./figures/mpv_rad_imc.pdf> <./figures/mpv_mats_imc.pdf

pdfTeX warning: pdflatex (file ./figures/mpv_mats_imc.pdf): PDF inclusion: mult
iple pdfs with page group included in a single page
>]

LaTeX Warning: Citation `ans_2014' on page 64 undefined on input line 111.

) [64 <./figures/mpv_mats_holo.pdf>] (./main.aux)

LaTeX Warning: There were undefined references.


LaTeX Warning: There were multiply-defined labels.

 ) 
Here is how much of TeX's memory you used:
 5334 strings out of 493089
 77807 string characters out of 6134842
 169018 words of memory out of 5000000
 8714 multiletter control sequences out of 15000+600000
 13640 words of font info for 51 fonts, out of 8000000 for 9000
 1141 hyphenation exceptions out of 8191
 42i,13n,40p,790b,503s stack positions out of 5000i,500n,10000p,200000b,80000s
</usr/local/texlive/2015/texmf-dist/fonts/type1/public/amsfonts/cm/cmbx12.pfb
></usr/local/texlive/2015/texmf-dist/fonts/type1/public/amsfonts/cm/cmex10.pfb>
</usr/local/texlive/2015/texmf-dist/fonts/type1/public/amsfonts/cm/cmmi12.pfb><
/usr/local/texlive/2015/texmf-dist/fonts/type1/public/amsfonts/cm/cmmi6.pfb></u
sr/local/texlive/2015/texmf-dist/fonts/type1/public/amsfonts/cm/cmmi8.pfb></usr
/local/texlive/2015/texmf-dist/fonts/type1/public/amsfonts/cm/cmr10.pfb></usr/l
ocal/texlive/2015/texmf-dist/fonts/type1/public/amsfonts/cm/cmr12.pfb></usr/loc
al/texlive/2015/texmf-dist/fonts/type1/public/amsfonts/cm/cmr17.pfb></usr/local
/texlive/2015/texmf-dist/fonts/type1/public/amsfonts/cm/cmr6.pfb></usr/local/te
xlive/2015/texmf-dist/fonts/type1/public/amsfonts/cm/cmr8.pfb></usr/local/texli
ve/2015/texmf-dist/fonts/type1/public/amsfonts/cm/cmsy10.pfb></usr/local/texliv
e/2015/texmf-dist/fonts/type1/public/amsfonts/cm/cmsy6.pfb></usr/local/texlive/
2015/texmf-dist/fonts/type1/public/amsfonts/cm/cmsy8.pfb></usr/local/texlive/20
15/texmf-dist/fonts/type1/public/amsfonts/cm/cmti12.pfb>
Output written on main.pdf (66 pages, 469392 bytes).
PDF statistics:
 704 PDF objects out of 1000 (max. 8388607)
 298 compressed objects within 3 object streams
 0 named destinations out of 1000 (max. 500000)
 41 words of extra memory for PDF output out of 10000 (max. 10000000)

