\BOOKMARK [0][-]{chapter*.1}{ABSTRACT}{}% 1
\BOOKMARK [0][-]{chapter*.2}{DEDICATION}{}% 2
\BOOKMARK [0][-]{chapter*.3}{ACKNOWLEDGEMENTS}{}% 3
\BOOKMARK [0][-]{chapter*.4}{NOMENCLATURE}{}% 4
\BOOKMARK [0][-]{section*.5}{TABLE OF CONTENTS}{}% 5
\BOOKMARK [0][-]{section*.6}{LIST OF FIGURES}{}% 6
\BOOKMARK [0][-]{section*.7}{LIST OF TABLES}{}% 7
\BOOKMARK [0][-]{chapter.1}{Introduction: The Importance of Research}{}% 8
\BOOKMARK [1][-]{section.1.1}{This is a Very Long Section Title This is a Very Long Section Title This is a Very Long Section Title }{chapter.1}% 9
\BOOKMARK [1][-]{section.1.2}{Testing the Top of the Page}{chapter.1}% 10
\BOOKMARK [2][-]{subsection.1.2.1}{This is a Very Long Subsection Title This is a Very Long Subsection Title}{section.1.2}% 11
\BOOKMARK [2][-]{subsection.1.2.2}{Subsection}{section.1.2}% 12
\BOOKMARK [1][-]{section.1.3}{Another Section}{chapter.1}% 13
\BOOKMARK [0][-]{chapter.2}{Literature Review: The Importance of Research Part Two- This is designed to test long titles in the TOC}{}% 14
\BOOKMARK [1][-]{section.2.1}{New Section}{chapter.2}% 15
\BOOKMARK [2][-]{subsection.2.1.1}{Subsection}{section.2.1}% 16
\BOOKMARK [2][-]{subsection.2.1.2}{Subsection}{section.2.1}% 17
\BOOKMARK [1][-]{section.2.2}{Another Section}{chapter.2}% 18
\BOOKMARK [0][-]{chapter.3}{Last Chapter: The Importance of Research}{}% 19
\BOOKMARK [1][-]{section.3.1}{New Section}{chapter.3}% 20
\BOOKMARK [1][-]{section.3.2}{Another Section}{chapter.3}% 21
\BOOKMARK [2][-]{subsection.3.2.1}{Subsection}{section.3.2}% 22
\BOOKMARK [2][-]{subsection.3.2.2}{Subsection}{section.3.2}% 23
\BOOKMARK [1][-]{section.3.3}{Another Section}{chapter.3}% 24
\BOOKMARK [0][-]{section*.15}{REFERENCES}{}% 25
\BOOKMARK [0][-]{APPENDIX.a.A}{APPENDIX First Appendix}{}% 26
\BOOKMARK [0][-]{APPENDIX.a.B}{APPENDIX Second Appendix with a longer title - much longer in fact}{}% 27
\BOOKMARK [1][-]{section.a.B.1}{Appendix Section}{APPENDIX.a.B}% 28
